[15-Aug-2017 12:46:44 UTC] PHP Fatal error:  Call to a member function update() on a non-object in /home/ubuntu/workspace/wp-content/plugins/kompas-id-footer/admin/partials/kompas-id-footer-admin-post.php on line 24
[15-Aug-2017 12:46:44 UTC] PHP Stack trace:
[15-Aug-2017 12:46:44 UTC] PHP   1. {main}() /home/ubuntu/workspace/wp-content/plugins/kompas-id-footer/admin/partials/kompas-id-footer-admin-post.php:0
[15-Aug-2017 12:48:35 UTC] PHP Fatal error:  Call to a member function update() on a non-object in /home/ubuntu/workspace/wp-content/plugins/kompas-id-footer/admin/partials/kompas-id-footer-admin-post.php on line 25
[15-Aug-2017 12:48:35 UTC] PHP Stack trace:
[15-Aug-2017 12:48:35 UTC] PHP   1. {main}() /home/ubuntu/workspace/wp-content/plugins/kompas-id-footer/admin/partials/kompas-id-footer-admin-post.php:0
[15-Aug-2017 12:49:22 UTC] PHP Fatal error:  Call to a member function update() on a non-object in /home/ubuntu/workspace/wp-content/plugins/kompas-id-footer/admin/partials/kompas-id-footer-admin-post.php on line 25
[15-Aug-2017 12:49:22 UTC] PHP Stack trace:
[15-Aug-2017 12:49:22 UTC] PHP   1. {main}() /home/ubuntu/workspace/wp-content/plugins/kompas-id-footer/admin/partials/kompas-id-footer-admin-post.php:0
[15-Aug-2017 12:49:26 UTC] PHP Fatal error:  Call to a member function update() on a non-object in /home/ubuntu/workspace/wp-content/plugins/kompas-id-footer/admin/partials/kompas-id-footer-admin-post.php on line 25
[15-Aug-2017 12:49:26 UTC] PHP Stack trace:
[15-Aug-2017 12:49:26 UTC] PHP   1. {main}() /home/ubuntu/workspace/wp-content/plugins/kompas-id-footer/admin/partials/kompas-id-footer-admin-post.php:0
[15-Aug-2017 12:49:44 UTC] PHP Fatal error:  Call to a member function update() on a non-object in /home/ubuntu/workspace/wp-content/plugins/kompas-id-footer/admin/partials/kompas-id-footer-admin-post.php on line 25
[15-Aug-2017 12:49:44 UTC] PHP Stack trace:
[15-Aug-2017 12:49:44 UTC] PHP   1. {main}() /home/ubuntu/workspace/wp-content/plugins/kompas-id-footer/admin/partials/kompas-id-footer-admin-post.php:0
[15-Aug-2017 12:50:34 UTC] PHP Fatal error:  Call to undefined function admin_url() in /home/ubuntu/workspace/wp-content/plugins/kompas-id-footer/admin/partials/kompas-id-footer-admin-post.php on line 39
[15-Aug-2017 12:50:34 UTC] PHP Stack trace:
[15-Aug-2017 12:50:34 UTC] PHP   1. {main}() /home/ubuntu/workspace/wp-content/plugins/kompas-id-footer/admin/partials/kompas-id-footer-admin-post.php:0
[15-Aug-2017 12:50:58 UTC] PHP Fatal error:  Call to undefined function admin_url() in /home/ubuntu/workspace/wp-content/plugins/kompas-id-footer/admin/partials/kompas-id-footer-admin-post.php on line 39
[15-Aug-2017 12:50:58 UTC] PHP Stack trace:
[15-Aug-2017 12:50:58 UTC] PHP   1. {main}() /home/ubuntu/workspace/wp-content/plugins/kompas-id-footer/admin/partials/kompas-id-footer-admin-post.php:0
[15-Aug-2017 12:51:13 UTC] PHP Fatal error:  Call to undefined function admin_url() in /home/ubuntu/workspace/wp-content/plugins/kompas-id-footer/admin/partials/kompas-id-footer-admin-post.php on line 39
[15-Aug-2017 12:51:13 UTC] PHP Stack trace:
[15-Aug-2017 12:51:13 UTC] PHP   1. {main}() /home/ubuntu/workspace/wp-content/plugins/kompas-id-footer/admin/partials/kompas-id-footer-admin-post.php:0
[15-Aug-2017 12:51:32 UTC] PHP Fatal error:  Call to undefined function admin_url() in /home/ubuntu/workspace/wp-content/plugins/kompas-id-footer/admin/partials/kompas-id-footer-admin-post.php on line 39
[15-Aug-2017 12:51:32 UTC] PHP Stack trace:
[15-Aug-2017 12:51:32 UTC] PHP   1. {main}() /home/ubuntu/workspace/wp-content/plugins/kompas-id-footer/admin/partials/kompas-id-footer-admin-post.php:0
[15-Aug-2017 12:52:05 UTC] PHP Fatal error:  Call to a member function update() on a non-object in /home/ubuntu/workspace/wp-content/plugins/kompas-id-footer/admin/partials/kompas-id-footer-admin-post.php on line 26
[15-Aug-2017 12:52:05 UTC] PHP Stack trace:
[15-Aug-2017 12:52:05 UTC] PHP   1. {main}() /home/ubuntu/workspace/wp-content/plugins/kompas-id-footer/admin/partials/kompas-id-footer-admin-post.php:0
[15-Aug-2017 12:52:59 UTC] PHP Fatal error:  Call to a member function update() on a non-object in /home/ubuntu/workspace/wp-content/plugins/kompas-id-footer/admin/partials/kompas-id-footer-admin-post.php on line 27
[15-Aug-2017 12:52:59 UTC] PHP Stack trace:
[15-Aug-2017 12:52:59 UTC] PHP   1. {main}() /home/ubuntu/workspace/wp-content/plugins/kompas-id-footer/admin/partials/kompas-id-footer-admin-post.php:0
[15-Aug-2017 12:53:56 UTC] PHP Warning:  require_once(/home/ubuntu/workspace/wp-content/plugins/kompas-id-footer/admin/partials/admin.php): failed to open stream: No such file or directory in /home/ubuntu/workspace/wp-content/plugins/kompas-id-footer/admin/partials/kompas-id-footer-admin-post.php on line 3
[15-Aug-2017 12:53:56 UTC] PHP Stack trace:
[15-Aug-2017 12:53:56 UTC] PHP   1. {main}() /home/ubuntu/workspace/wp-content/plugins/kompas-id-footer/admin/partials/kompas-id-footer-admin-post.php:0
[15-Aug-2017 12:53:56 UTC] PHP Fatal error:  require_once(): Failed opening required '/home/ubuntu/workspace/wp-content/plugins/kompas-id-footer/admin/partials/admin.php' (include_path='.:/usr/share/php:/usr/share/pear') in /home/ubuntu/workspace/wp-content/plugins/kompas-id-footer/admin/partials/kompas-id-footer-admin-post.php on line 3
[15-Aug-2017 12:53:56 UTC] PHP Stack trace:
[15-Aug-2017 12:53:56 UTC] PHP   1. {main}() /home/ubuntu/workspace/wp-content/plugins/kompas-id-footer/admin/partials/kompas-id-footer-admin-post.php:0
[15-Aug-2017 12:57:45 UTC] PHP Fatal error:  Call to a member function update() on a non-object in /home/ubuntu/workspace/wp-content/plugins/kompas-id-footer/admin/partials/kompas-id-footer-admin-post.php on line 27
[15-Aug-2017 12:57:45 UTC] PHP Stack trace:
[15-Aug-2017 12:57:45 UTC] PHP   1. {main}() /home/ubuntu/workspace/wp-content/plugins/kompas-id-footer/admin/partials/kompas-id-footer-admin-post.php:0
[15-Aug-2017 12:57:48 UTC] PHP Fatal error:  Call to a member function update() on a non-object in /home/ubuntu/workspace/wp-content/plugins/kompas-id-footer/admin/partials/kompas-id-footer-admin-post.php on line 27
[15-Aug-2017 12:57:48 UTC] PHP Stack trace:
[15-Aug-2017 12:57:48 UTC] PHP   1. {main}() /home/ubuntu/workspace/wp-content/plugins/kompas-id-footer/admin/partials/kompas-id-footer-admin-post.php:0
[15-Aug-2017 12:57:49 UTC] PHP Fatal error:  Call to a member function update() on a non-object in /home/ubuntu/workspace/wp-content/plugins/kompas-id-footer/admin/partials/kompas-id-footer-admin-post.php on line 27
[15-Aug-2017 12:57:49 UTC] PHP Stack trace:
[15-Aug-2017 12:57:49 UTC] PHP   1. {main}() /home/ubuntu/workspace/wp-content/plugins/kompas-id-footer/admin/partials/kompas-id-footer-admin-post.php:0
[15-Aug-2017 12:57:50 UTC] PHP Fatal error:  Call to a member function update() on a non-object in /home/ubuntu/workspace/wp-content/plugins/kompas-id-footer/admin/partials/kompas-id-footer-admin-post.php on line 27
[15-Aug-2017 12:57:50 UTC] PHP Stack trace:
[15-Aug-2017 12:57:50 UTC] PHP   1. {main}() /home/ubuntu/workspace/wp-content/plugins/kompas-id-footer/admin/partials/kompas-id-footer-admin-post.php:0
[15-Aug-2017 12:57:51 UTC] PHP Fatal error:  Call to a member function update() on a non-object in /home/ubuntu/workspace/wp-content/plugins/kompas-id-footer/admin/partials/kompas-id-footer-admin-post.php on line 27
[15-Aug-2017 12:57:51 UTC] PHP Stack trace:
[15-Aug-2017 12:57:51 UTC] PHP   1. {main}() /home/ubuntu/workspace/wp-content/plugins/kompas-id-footer/admin/partials/kompas-id-footer-admin-post.php:0
[15-Aug-2017 12:57:52 UTC] PHP Fatal error:  Call to a member function update() on a non-object in /home/ubuntu/workspace/wp-content/plugins/kompas-id-footer/admin/partials/kompas-id-footer-admin-post.php on line 27
[15-Aug-2017 12:57:52 UTC] PHP Stack trace:
[15-Aug-2017 12:57:52 UTC] PHP   1. {main}() /home/ubuntu/workspace/wp-content/plugins/kompas-id-footer/admin/partials/kompas-id-footer-admin-post.php:0
[15-Aug-2017 12:58:00 UTC] PHP Fatal error:  Call to a member function update() on a non-object in /home/ubuntu/workspace/wp-content/plugins/kompas-id-footer/admin/partials/kompas-id-footer-admin-post.php on line 27
[15-Aug-2017 12:58:00 UTC] PHP Stack trace:
[15-Aug-2017 12:58:00 UTC] PHP   1. {main}() /home/ubuntu/workspace/wp-content/plugins/kompas-id-footer/admin/partials/kompas-id-footer-admin-post.php:0
